2026-03-04 18:09:41,114 | ================================================================================
2026-03-04 18:09:41,118 | TRADING DASHBOARD - 2026-03-04 17:09:41 UTC
2026-03-04 18:09:41,118 | ================================================================================
2026-03-04 18:09:41,118 | Account Balance: $94,690.14 | Cash Available: $94,457.23 | Buying Power: $631,267.61
2026-03-04 18:09:41,118 | --------------------------------------------------------------------------------
2026-03-04 18:09:41,118 | 
2026-03-04 18:09:41,118 | OPEN POSITIONS
2026-03-04 18:09:41,118 | --------------------------------------------------------------------------------
2026-03-04 18:09:41,118 | No open positions.
2026-03-04 18:09:41,119 | 
2026-03-04 18:09:41,119 | TODAY'S PERFORMANCE
2026-03-04 18:09:41,119 | --------------------------------------------------------------------------------
2026-03-04 18:09:41,119 | No trades today.
2026-03-04 18:09:41,119 | 
2026-03-04 18:09:41,119 | CLOSED POSITIONS - Last 100 Trades
2026-03-04 18:09:41,122 | --------------------------------------------------------------------------------
2026-03-04 18:09:41,122 | No closed positions yet.
2026-03-04 18:09:41,122 | ================================================================================
2026-03-04 18:11:21,837 | ================================================================================
2026-03-04 18:11:21,844 | TRADING DASHBOARD - 2026-03-04 17:11:21 UTC
2026-03-04 18:11:21,845 | ================================================================================
2026-03-04 18:11:21,845 | Account Balance: $94,690.63 | Cash Available: $94,457.71 | Buying Power: $631,270.88
2026-03-04 18:11:21,846 | --------------------------------------------------------------------------------
2026-03-04 18:11:21,846 | 
2026-03-04 18:11:21,846 | OPEN POSITIONS
2026-03-04 18:11:21,847 | --------------------------------------------------------------------------------
2026-03-04 18:11:21,847 | No open positions.
2026-03-04 18:11:21,847 | 
2026-03-04 18:11:21,847 | TODAY'S PERFORMANCE
2026-03-04 18:11:21,847 | --------------------------------------------------------------------------------
2026-03-04 18:11:21,847 | No trades today.
2026-03-04 18:11:21,847 | 
2026-03-04 18:11:21,847 | CLOSED POSITIONS - Last 100 Trades
2026-03-04 18:11:21,847 | --------------------------------------------------------------------------------
2026-03-04 18:11:21,849 | No closed positions yet.
2026-03-04 18:11:21,849 | ================================================================================
