2026-03-04 18:07:40,148 | INFO     | ================================================================================
2026-03-04 18:07:40,148 | INFO     | Multi-Logger initialized: utils.ib_connection
2026-03-04 18:07:40,148 | INFO     | Debug Mode: False
2026-03-04 18:07:40,148 | INFO     | Logs Directory: /Users/nielsbergmann/Programmieren/V6/V2/logs
2026-03-04 18:07:40,148 | INFO     | ================================================================================
2026-03-04 18:07:40,152 | INFO     | ================================================================================
2026-03-04 18:07:40,152 | INFO     | Multi-Logger initialized: utils.rate_limiter
2026-03-04 18:07:40,152 | INFO     | Debug Mode: False
2026-03-04 18:07:40,152 | INFO     | Logs Directory: /Users/nielsbergmann/Programmieren/V6/V2/logs
2026-03-04 18:07:40,152 | INFO     | ================================================================================
2026-03-04 18:07:40,156 | INFO     | ================================================================================
2026-03-04 18:07:40,156 | INFO     | Multi-Logger initialized: scanner.historical_signals
2026-03-04 18:07:40,156 | INFO     | Debug Mode: False
2026-03-04 18:07:40,156 | INFO     | Logs Directory: /Users/nielsbergmann/Programmieren/V6/V2/logs
2026-03-04 18:07:40,156 | INFO     | ================================================================================
2026-03-04 18:07:40,168 | INFO     | ================================================================================
2026-03-04 18:07:40,168 | INFO     | Multi-Logger initialized: scanner.edge_filters
2026-03-04 18:07:40,168 | INFO     | Debug Mode: False
2026-03-04 18:07:40,168 | INFO     | Logs Directory: /Users/nielsbergmann/Programmieren/V6/V2/logs
2026-03-04 18:07:40,168 | INFO     | ================================================================================
2026-03-04 18:07:40,172 | INFO     | ================================================================================
2026-03-04 18:07:40,172 | INFO     | Multi-Logger initialized: scanner_edge
2026-03-04 18:07:40,172 | INFO     | Debug Mode: False
2026-03-04 18:07:40,172 | INFO     | Logs Directory: /Users/nielsbergmann/Programmieren/V6/V2/logs
2026-03-04 18:07:40,172 | INFO     | ================================================================================
2026-03-04 18:07:40,180 | INFO     | ================================================================================
2026-03-04 18:07:40,180 | INFO     | Multi-Logger initialized: utils.config_validator
2026-03-04 18:07:40,180 | INFO     | Debug Mode: False
2026-03-04 18:07:40,180 | INFO     | Logs Directory: /Users/nielsbergmann/Programmieren/V6/V2/logs
2026-03-04 18:07:40,180 | INFO     | ================================================================================
2026-03-04 18:07:40,196 | INFO     | Loaded universe: 3593 symbols
2026-03-04 18:07:40,196 | INFO     | BLOCK_SIZE=50, SLEEP=0.0
2026-03-04 18:07:40,196 | INFO     | Stats log interval: every 5 block(s)
2026-03-04 18:07:40,196 | INFO     | Edge Scanner (Primary Scanner)
2026-03-04 18:07:40,196 | INFO     | Edge Scanner with 6-Level Filter Logic
2026-03-04 18:07:40,196 | INFO     | Signals output: /Users/nielsbergmann/Programmieren/V6/V2/output/signals.jsonl (Primary Scanner)
2026-03-04 18:07:40,196 | INFO     | ================================================================================
2026-03-04 18:07:40,196 | INFO     | Setting up IB Connection Manager
2026-03-04 18:07:40,196 | INFO     | ================================================================================
2026-03-04 18:07:40,196 | INFO     | ================================================================================
2026-03-04 18:07:40,196 | INFO     | Setting up Rate Limiter
2026-03-04 18:07:40,197 | INFO     | ================================================================================
2026-03-04 18:07:40,197 | INFO     | Rate Limiter initialized:
2026-03-04 18:07:40,197 | INFO     |   Max requests/sec: 40 (IB limit: 50/s)
2026-03-04 18:07:40,197 | INFO     |   Burst limit: 80 (IB limit: 100/s)
2026-03-04 18:07:40,197 | INFO     |   Historical data limit: 5000/10min (Measured: ~1680/10min, Safety: 89%)
2026-03-04 18:07:40,197 | INFO     |   Account Type: Live Professional (measured)
2026-03-04 18:07:40,197 | INFO     | Rate Limiter Config:
2026-03-04 18:07:40,197 | INFO     |   Historical Data Limit: 5000/10min
2026-03-04 18:07:40,197 | INFO     |   Aggregate Rate Limit: 40/s
2026-03-04 18:07:41,451 | INFO     | ✅ Successfully connected to IB (took 1 attempt(s))
2026-03-04 18:07:41,452 | INFO     | ✅ Connected to IB with auto-reconnect support
2026-03-04 18:07:41,590 | INFO     | ✅ SPY contract qualified for relative strength calculations
2026-03-04 18:07:41,590 | INFO     | Scanning block 1: A → ACVA (n=50)
2026-03-04 18:07:59,821 | INFO     | ================================================================================
2026-03-04 18:07:59,822 | INFO     | Multi-Logger initialized: utils.state_utils
2026-03-04 18:07:59,822 | INFO     | Debug Mode: False
2026-03-04 18:07:59,822 | INFO     | Logs Directory: /Users/nielsbergmann/Programmieren/V6/V2/logs
2026-03-04 18:07:59,822 | INFO     | ================================================================================
2026-03-04 18:07:59,828 | INFO     | ================================================================================
2026-03-04 18:07:59,828 | INFO     | Multi-Logger initialized: utils.state_retry
2026-03-04 18:07:59,828 | INFO     | Debug Mode: False
2026-03-04 18:07:59,828 | INFO     | Logs Directory: /Users/nielsbergmann/Programmieren/V6/V2/logs
2026-03-04 18:07:59,828 | INFO     | ================================================================================
2026-03-04 18:07:59,832 | INFO     | ================================================================================
2026-03-04 18:07:59,832 | INFO     | Multi-Logger initialized: trader.order_verification
2026-03-04 18:07:59,832 | INFO     | Debug Mode: False
2026-03-04 18:07:59,832 | INFO     | Logs Directory: /Users/nielsbergmann/Programmieren/V6/V2/logs
2026-03-04 18:07:59,832 | INFO     | ================================================================================
2026-03-04 18:07:59,860 | INFO     | ================================================================================
2026-03-04 18:07:59,860 | INFO     | Multi-Logger initialized: utils.daily_loss_counter
2026-03-04 18:07:59,860 | INFO     | Debug Mode: False
2026-03-04 18:07:59,860 | INFO     | Logs Directory: /Users/nielsbergmann/Programmieren/V6/V2/logs
2026-03-04 18:07:59,860 | INFO     | ================================================================================
2026-03-04 18:07:59,862 | INFO     | ================================================================================
2026-03-04 18:07:59,862 | INFO     | Multi-Logger initialized: utils.ib_connection
2026-03-04 18:07:59,862 | INFO     | Debug Mode: False
2026-03-04 18:07:59,862 | INFO     | Logs Directory: /Users/nielsbergmann/Programmieren/V6/V2/logs
2026-03-04 18:07:59,862 | INFO     | ================================================================================
2026-03-04 18:07:59,872 | INFO     | ================================================================================
2026-03-04 18:07:59,872 | INFO     | Multi-Logger initialized: utils.account_checker
2026-03-04 18:07:59,872 | INFO     | Debug Mode: False
2026-03-04 18:07:59,872 | INFO     | Logs Directory: /Users/nielsbergmann/Programmieren/V6/V2/logs
2026-03-04 18:07:59,872 | INFO     | ================================================================================
2026-03-04 18:07:59,883 | INFO     | ================================================================================
2026-03-04 18:07:59,883 | INFO     | Multi-Logger initialized: utils.order_retry
2026-03-04 18:07:59,883 | INFO     | Debug Mode: False
2026-03-04 18:07:59,883 | INFO     | Logs Directory: /Users/nielsbergmann/Programmieren/V6/V2/logs
2026-03-04 18:07:59,883 | INFO     | ================================================================================
2026-03-04 18:07:59,894 | INFO     | ================================================================================
2026-03-04 18:07:59,894 | INFO     | Multi-Logger initialized: utils.trading_dashboard
2026-03-04 18:07:59,894 | INFO     | Debug Mode: False
2026-03-04 18:07:59,894 | INFO     | Logs Directory: /Users/nielsbergmann/Programmieren/V6/V2/logs
2026-03-04 18:07:59,894 | INFO     | ================================================================================
2026-03-04 18:07:59,912 | INFO     | ================================================================================
2026-03-04 18:07:59,913 | INFO     | Multi-Logger initialized: utils.position_reconciliation
2026-03-04 18:07:59,913 | INFO     | Debug Mode: False
2026-03-04 18:07:59,913 | INFO     | Logs Directory: /Users/nielsbergmann/Programmieren/V6/V2/logs
2026-03-04 18:07:59,913 | INFO     | ================================================================================
2026-03-04 18:07:59,925 | INFO     | ================================================================================
2026-03-04 18:07:59,925 | INFO     | Multi-Logger initialized: utils.rate_limiter
2026-03-04 18:07:59,925 | INFO     | Debug Mode: False
2026-03-04 18:07:59,925 | INFO     | Logs Directory: /Users/nielsbergmann/Programmieren/V6/V2/logs
2026-03-04 18:07:59,925 | INFO     | ================================================================================
2026-03-04 18:07:59,936 | INFO     | ================================================================================
2026-03-04 18:07:59,937 | INFO     | Multi-Logger initialized: utils.unified_position_sizer
2026-03-04 18:07:59,937 | INFO     | Debug Mode: False
2026-03-04 18:07:59,937 | INFO     | Logs Directory: /Users/nielsbergmann/Programmieren/V6/V2/logs
2026-03-04 18:07:59,937 | INFO     | ================================================================================
2026-03-04 18:07:59,948 | INFO     | ================================================================================
2026-03-04 18:07:59,948 | INFO     | Multi-Logger initialized: utils.symbol_cooldown
2026-03-04 18:07:59,948 | INFO     | Debug Mode: False
2026-03-04 18:07:59,948 | INFO     | Logs Directory: /Users/nielsbergmann/Programmieren/V6/V2/logs
2026-03-04 18:07:59,949 | INFO     | ================================================================================
2026-03-04 18:07:59,954 | INFO     | ================================================================================
2026-03-04 18:07:59,954 | INFO     | Multi-Logger initialized: utils.config_validator
2026-03-04 18:07:59,954 | INFO     | Debug Mode: False
2026-03-04 18:07:59,954 | INFO     | Logs Directory: /Users/nielsbergmann/Programmieren/V6/V2/logs
2026-03-04 18:07:59,954 | INFO     | ================================================================================
2026-03-04 18:07:59,961 | INFO     | ================================================================================
2026-03-04 18:07:59,961 | INFO     | Multi-Logger initialized: trader_live
2026-03-04 18:07:59,961 | INFO     | Debug Mode: False
2026-03-04 18:07:59,961 | INFO     | Logs Directory: /Users/nielsbergmann/Programmieren/V6/V2/logs
2026-03-04 18:07:59,961 | INFO     | ================================================================================
2026-03-04 18:07:59,961 | INFO     | Rate Limiter initialized:
2026-03-04 18:07:59,961 | INFO     |   Max requests/sec: 40 (IB limit: 50/s)
2026-03-04 18:07:59,961 | INFO     |   Burst limit: 80 (IB limit: 100/s)
2026-03-04 18:07:59,961 | INFO     |   Historical data limit: 5000/10min (Measured: ~1680/10min, Safety: 89%)
2026-03-04 18:07:59,961 | INFO     |   Account Type: Live Professional (measured)
2026-03-04 18:07:59,962 | INFO     | Rate Limiter initialized with increased limits:
2026-03-04 18:07:59,962 | INFO     |   Historical Data: 5000/10min
2026-03-04 18:07:59,962 | INFO     | ================================================================================
2026-03-04 18:07:59,962 | INFO     | UNIFIED POSITION SIZER INITIALIZED
2026-03-04 18:07:59,962 | INFO     | ================================================================================
2026-03-04 18:07:59,962 | INFO     | Position Size:              10.0% of account
2026-03-04 18:07:59,962 | INFO     | Auto Calculate Max Trades:  True
2026-03-04 18:07:59,962 | INFO     | Safety Reserve:             10.0%
2026-03-04 18:07:59,962 | INFO     | ================================================================================
2026-03-04 18:07:59,962 | INFO     | State file does not exist, creating new: /Users/nielsbergmann/Programmieren/V6/V2/state/symbol_cooldowns.json
2026-03-04 18:07:59,962 | INFO     | Symbol Cooldown Manager initialized: 60 min cooldown
2026-03-04 18:07:59,963 | INFO     | ================================================================================
2026-03-04 18:07:59,963 | INFO     | TRADING CONTEXT INITIALIZED
2026-03-04 18:07:59,964 | INFO     | ================================================================================
2026-03-04 18:07:59,964 | INFO     | Logger:            MultiLogger
2026-03-04 18:07:59,964 | INFO     | Account Checker:   AccountChecker
2026-03-04 18:07:59,964 | INFO     | Rate Limiter:      RateLimiter
2026-03-04 18:07:59,964 | INFO     | Position Sizer:    UnifiedPositionSizer
2026-03-04 18:07:59,964 | INFO     | Cooldown Manager:  SymbolCooldownManager
2026-03-04 18:07:59,964 | INFO     | Dashboard:         TradingDashboard
2026-03-04 18:07:59,964 | INFO     | ================================================================================
2026-03-04 18:07:59,990 | INFO     | Position Reconciliator initialized
2026-03-04 18:08:01,189 | INFO     | ✅ Successfully connected to IB (took 1 attempt(s))
2026-03-04 18:08:01,190 | INFO     | ✅ Connected to IB
2026-03-04 18:08:01,437 | INFO     | ============================================================
2026-03-04 18:08:01,437 | INFO     | ACCOUNT STATUS
2026-03-04 18:08:01,437 | INFO     | ============================================================
2026-03-04 18:08:01,437 | INFO     | Net Liquidation:    $   94,690.14
2026-03-04 18:08:01,438 | INFO     | Cash Available:     $   94,457.23
2026-03-04 18:08:01,438 | INFO     | Buying Power:       $  631,267.61
2026-03-04 18:08:01,438 | INFO     | Excess Liquidity:   $   94,690.14
2026-03-04 18:08:01,438 | INFO     | Maintenance Margin: $        0.00
2026-03-04 18:08:01,438 | INFO     | Currency:                     BASE
2026-03-04 18:08:01,438 | INFO     | ============================================================
2026-03-04 18:08:01,442 | INFO     | ================================================================================
2026-03-04 18:08:01,443 | INFO     | POSITION SIZING INFO
2026-03-04 18:08:01,443 | INFO     | ================================================================================
2026-03-04 18:08:01,443 | INFO     | Account Balance:            $94,690.14
2026-03-04 18:08:01,443 | INFO     | Available Cash:             $94,457.23
2026-03-04 18:08:01,443 | INFO     | Position Size per Trade:    $9,469.01 (10.0%)
2026-03-04 18:08:01,443 | INFO     | Max Open Trades:            10
2026-03-04 18:08:01,443 | INFO     | Current Open Positions:     0/10
2026-03-04 18:08:01,443 | INFO     | Calculation Method:         Auto-calculated from position_size_pct (10.00%)
2026-03-04 18:08:01,443 | INFO     | ================================================================================
2026-03-04 18:08:01,444 | INFO     | Daily Loss Protection: 0/30 stop-losses today
2026-03-04 18:08:01,448 | INFO     | Position Status: 0 bot positions, 0 total IB positions
2026-03-04 18:08:05,489 | INFO     | ================================================================================
2026-03-04 18:08:05,490 | INFO     | Multi-Logger initialized: utils.input_validator
2026-03-04 18:08:05,490 | INFO     | Debug Mode: False
2026-03-04 18:08:05,490 | INFO     | Logs Directory: /Users/nielsbergmann/Programmieren/V6/V2/logs
2026-03-04 18:08:05,490 | INFO     | ================================================================================
2026-03-04 18:08:39,729 | INFO     | Scanning block 2: AD → AGIO (n=50)
2026-03-04 18:09:22,604 | INFO     | Scanning block 3: AGM → ALK (n=50)
2026-03-04 18:09:35,396 | WARNING  | AHH: error during evaluation: 'NoneType' object has no attribute 'empty'
2026-03-04 18:09:35,616 | WARNING  | AHL: error during evaluation: 'NoneType' object has no attribute 'empty'
2026-03-04 18:09:41,117 | INFO     | [PERF] ================================================================================
2026-03-04 18:09:41,118 | INFO     | [PERF] TRADING DASHBOARD - 2026-03-04 17:09:41 UTC
2026-03-04 18:09:41,118 | INFO     | [PERF] ================================================================================
2026-03-04 18:09:41,118 | INFO     | [PERF] Account Balance: $94,690.14 | Cash Available: $94,457.23 | Buying Power: $631,267.61
2026-03-04 18:09:41,118 | INFO     | [PERF] --------------------------------------------------------------------------------
2026-03-04 18:09:41,118 | INFO     | [PERF] 
2026-03-04 18:09:41,118 | INFO     | [PERF] OPEN POSITIONS
2026-03-04 18:09:41,118 | INFO     | [PERF] --------------------------------------------------------------------------------
2026-03-04 18:09:41,119 | INFO     | [PERF] No open positions.
2026-03-04 18:09:41,119 | INFO     | [PERF] 
2026-03-04 18:09:41,119 | INFO     | [PERF] TODAY'S PERFORMANCE
2026-03-04 18:09:41,119 | INFO     | [PERF] --------------------------------------------------------------------------------
2026-03-04 18:09:41,119 | INFO     | [PERF] No trades today.
2026-03-04 18:09:41,119 | INFO     | [PERF] 
2026-03-04 18:09:41,119 | INFO     | [PERF] CLOSED POSITIONS - Last 100 Trades
2026-03-04 18:09:41,122 | INFO     | [PERF] --------------------------------------------------------------------------------
2026-03-04 18:09:41,122 | INFO     | [PERF] No closed positions yet.
2026-03-04 18:09:41,122 | INFO     | [PERF] ================================================================================
2026-03-04 18:10:11,649 | INFO     | Scanning block 4: ALKS → AMTM (n=50)
2026-03-04 18:10:54,605 | INFO     | Scanning block 5: AMWD → ARDX (n=50)
2026-03-04 18:11:21,842 | INFO     | [PERF] ================================================================================
2026-03-04 18:11:21,844 | INFO     | [PERF] TRADING DASHBOARD - 2026-03-04 17:11:21 UTC
2026-03-04 18:11:21,845 | INFO     | [PERF] ================================================================================
2026-03-04 18:11:21,845 | INFO     | [PERF] Account Balance: $94,690.63 | Cash Available: $94,457.71 | Buying Power: $631,270.88
2026-03-04 18:11:21,846 | INFO     | [PERF] --------------------------------------------------------------------------------
2026-03-04 18:11:21,846 | INFO     | [PERF] 
2026-03-04 18:11:21,846 | INFO     | [PERF] OPEN POSITIONS
2026-03-04 18:11:21,847 | INFO     | [PERF] --------------------------------------------------------------------------------
2026-03-04 18:11:21,847 | INFO     | [PERF] No open positions.
2026-03-04 18:11:21,847 | INFO     | [PERF] 
2026-03-04 18:11:21,847 | INFO     | [PERF] TODAY'S PERFORMANCE
2026-03-04 18:11:21,847 | INFO     | [PERF] --------------------------------------------------------------------------------
2026-03-04 18:11:21,847 | INFO     | [PERF] No trades today.
2026-03-04 18:11:21,847 | INFO     | [PERF] 
2026-03-04 18:11:21,847 | INFO     | [PERF] CLOSED POSITIONS - Last 100 Trades
2026-03-04 18:11:21,847 | INFO     | [PERF] --------------------------------------------------------------------------------
2026-03-04 18:11:21,849 | INFO     | [PERF] No closed positions yet.
2026-03-04 18:11:21,849 | INFO     | [PERF] ================================================================================
2026-03-04 18:11:21,852 | INFO     | Account Status: Balance=$94690.63, Buying Power=$631270.88
2026-03-04 18:11:45,019 | INFO     | Summary @ block 5 | symbols=250 | e1=6 (2.4%) | e2=4 (66.7%) | e3=0 (0.0%) | e4=0 (0.0%) | e5=0 (0.0%) | final=0 (0.0%)
2026-03-04 18:11:45,020 | INFO     | ================================================================================================
2026-03-04 18:11:45,020 | INFO     | EDGE SCANNER PIPELINE STATS
2026-03-04 18:11:45,020 | INFO     | ================================================================================================
2026-03-04 18:11:45,020 | INFO     | Total scanned: 250
2026-03-04 18:11:45,020 | INFO     | Stage                  Passed     Cum %    Step %   Filtered
2026-03-04 18:11:45,020 | INFO     | ------------------------------------------------------------------------------------------------
2026-03-04 18:11:45,020 | INFO     | Ebene 0 Price             211     84.4%     84.4%         39
2026-03-04 18:11:45,020 | INFO     | Ebene 1 Move                6      2.4%      2.8%        205
2026-03-04 18:11:45,020 | INFO     | Ebene 2 Volume              4      1.6%     66.7%          2
2026-03-04 18:11:45,020 | INFO     | Ebene 3 Direction           0      0.0%      0.0%          4
2026-03-04 18:11:45,020 | INFO     | Ebene 4 Catalyst            0      0.0%      0.0%          0
2026-03-04 18:11:45,020 | INFO     | Ebene 5 Risk                0      0.0%      0.0%          0
2026-03-04 18:11:45,020 | INFO     | Final Signals               0      0.0%      0.0%          0
2026-03-04 18:11:45,020 | INFO     | ------------------------------------------------------------------------------------------------
2026-03-04 18:11:45,024 | INFO     | Funnel: 250 -> 211 -> 6 -> 4 -> 0 -> 0 -> 0
2026-03-04 18:11:45,024 | INFO     | ================================================================================================
2026-03-04 18:11:45,024 | INFO     | ============================================================
2026-03-04 18:11:45,024 | INFO     | RATE LIMITER STATISTICS
2026-03-04 18:11:45,024 | INFO     | ============================================================
2026-03-04 18:11:45,024 | INFO     | Total Requests:     505
2026-03-04 18:11:45,024 | INFO     | Throttled:          0 (0.0%)
2026-03-04 18:11:45,024 | INFO     | Total Wait Time:    0.00s
2026-03-04 18:11:45,025 | INFO     | Avg Wait Time:      0.000s
2026-03-04 18:11:45,025 | INFO     | Current Rate:       2 req/s
2026-03-04 18:11:45,025 | INFO     | Historical Rate:    255 req/10min
2026-03-04 18:11:45,025 | INFO     | ============================================================
2026-03-04 18:11:45,025 | INFO     | Scanning block 6: ARE → ATGE (n=50)
